<?xml version="1.0" encoding="UTF-8"?>
<!-- Generated by org.testng.reporters.JUnitXMLReporter -->
<testsuite hostname="DESKTOP-G8A5LTB" name="EdgeTest" tests="10" failures="0" timestamp="23 Jun 2020 05:04:27 GMT" time="20.324" errors="0">
  <testcase name="@BeforeClass setup" time="0.0" classname="com.selenium.drivercls.driver">
    <failure type="org.openqa.selenium.WebDriverException" message="Timed out waiting for driver server to start.
Build info: version: &amp;apos;3.141.59&amp;apos;, revision: &amp;apos;e82be7d358&amp;apos;, time: &amp;apos;2018-11-14T08:25:48&amp;apos;
System info: host: &amp;apos;DESKTOP-G8A5LTB&amp;apos;, ip: &amp;apos;192.168.43.245&amp;apos;, os.name: &amp;apos;Windows 10&amp;apos;, os.arch: &amp;apos;amd64&amp;apos;, os.version: &amp;apos;10.0&amp;apos;, java.version: &amp;apos;1.8.0_251&amp;apos;
Driver info: driver.version: EdgeDriver">
      <![CDATA[org.openqa.selenium.WebDriverException: Timed out waiting for driver server to start.
Build info: version: '3.141.59', revision: 'e82be7d358', time: '2018-11-14T08:25:48'
System info: host: 'DESKTOP-G8A5LTB', ip: '192.168.43.245', os.name: 'Windows 10', os.arch: 'amd64', os.version: '10.0', java.version: '1.8.0_251'
Driver info: driver.version: EdgeDriver
	at org.openqa.selenium.remote.service.DriverService.waitUntilAvailable(DriverService.java:202)
	at org.openqa.selenium.remote.service.DriverService.start(DriverService.java:188)
	at org.openqa.selenium.remote.service.DriverCommandExecutor.execute(DriverCommandExecutor.java:79)
	at org.openqa.selenium.remote.RemoteWebDriver.execute(RemoteWebDriver.java:552)
	at org.openqa.selenium.remote.RemoteWebDriver.startSession(RemoteWebDriver.java:213)
	at org.openqa.selenium.remote.RemoteWebDriver.<init>(RemoteWebDriver.java:131)
	at org.openqa.selenium.edge.EdgeDriver.<init>(EdgeDriver.java:141)
	at org.openqa.selenium.edge.EdgeDriver.<init>(EdgeDriver.java:96)
	at com.selenium.drivercls.driver.setup(driver.java:68)
Caused by: org.openqa.selenium.net.UrlChecker$TimeoutException: Timed out waiting for [http://localhost:36961/status] to be available after 20002 ms
	at org.openqa.selenium.net.UrlChecker.waitUntilAvailable(UrlChecker.java:100)
	at org.openqa.selenium.remote.service.DriverService.waitUntilAvailable(DriverService.java:197)
	... 32 more
Caused by: java.util.concurrent.TimeoutException
	at java.util.concurrent.FutureTask.get(Unknown Source)
	at com.google.common.util.concurrent.SimpleTimeLimiter.callWithTimeout(SimpleTimeLimiter.java:156)
	at org.openqa.selenium.net.UrlChecker.waitUntilAvailable(UrlChecker.java:75)
	... 33 more
... Removed 24 stack frames]]>
    </failure>
  </testcase> <!-- @BeforeClass setup -->
  <testcase name="@AfterClass stop" time="0.0" classname="com.selenium.drivercls.driver">
    <skipped/>
  </testcase> <!-- @AfterClass stop -->
  <testcase name="verifylogin" time="0.001" classname="com.selenium.drivercls.driver">
    <skipped/>
  </testcase> <!-- verifylogin -->
  <testcase name="verifylocation" time="0.001" classname="com.selenium.drivercls.driver">
    <skipped/>
  </testcase> <!-- verifylocation -->
  <testcase name="searching" time="0.012" classname="com.selenium.drivercls.driver">
    <skipped/>
  </testcase> <!-- searching -->
  <testcase name="filtering" time="0.018" classname="com.selenium.drivercls.driver">
    <skipped/>
  </testcase> <!-- filtering -->
  <testcase name="dropdown" time="0.0" classname="com.selenium.drivercls.driver">
    <skipped/>
  </testcase> <!-- dropdown -->
  <testcase name="takescreenshot" time="0.027" classname="com.selenium.drivercls.driver">
    <skipped/>
  </testcase> <!-- takescreenshot -->
  <testcase name="writehospital" time="0.0" classname="com.selenium.drivercls.driver">
    <skipped/>
  </testcase> <!-- writehospital -->
  <testcase name="scrolling" time="0.008" classname="com.selenium.drivercls.driver">
    <skipped/>
  </testcase> <!-- scrolling -->
  <testcase name="detailing" time="0.0" classname="com.selenium.drivercls.driver">
    <skipped/>
  </testcase> <!-- detailing -->
  <testcase name="signout" time="0.005" classname="com.selenium.drivercls.driver">
    <skipped/>
  </testcase> <!-- signout -->
</testsuite> <!-- EdgeTest -->
