<?xml version="1.0" encoding="UTF-8"?>
<testng-results skipped="0" failed="1" total="2" passed="1">
  <reporter-output>
  </reporter-output>
  <suite name="Suite" duration-ms="272687" started-at="2020-07-08T08:37:17Z" finished-at="2020-07-08T08:41:50Z">
    <groups>
    </groups>
    <test name="ChromeTest" duration-ms="143731" started-at="2020-07-08T08:37:17Z" finished-at="2020-07-08T08:39:41Z">
      <class name="com.selenium.drivercls.driver">
        <test-method status="PASS" signature="setup(java.lang.String)[pri:0, instance:com.selenium.drivercls.driver@1cd072a9]" name="setup" is-config="true" duration-ms="32657" started-at="2020-07-08T14:07:17Z" finished-at="2020-07-08T14:07:50Z">
          <params>
            <param index="0">
              <value>
                <![CDATA[chrome]]>
              </value>
            </param>
          </params>
          <reporter-output>
          </reporter-output>
        </test-method> <!-- setup -->
        <test-method status="PASS" signature="verifylogin()[pri:0, instance:com.selenium.drivercls.driver@1cd072a9]" name="verifylogin" duration-ms="109892" started-at="2020-07-08T14:07:50Z" finished-at="2020-07-08T14:09:40Z">
          <reporter-output>
          </reporter-output>
        </test-method> <!-- verifylogin -->
        <test-method status="PASS" signature="stop()[pri:0, instance:com.selenium.drivercls.driver@1cd072a9]" name="stop" is-config="true" duration-ms="1158" started-at="2020-07-08T14:09:40Z" finished-at="2020-07-08T14:09:41Z">
          <reporter-output>
          </reporter-output>
        </test-method> <!-- stop -->
      </class> <!-- com.selenium.drivercls.driver -->
    </test> <!-- ChromeTest -->
    <test name="firefoxtest" duration-ms="128866" started-at="2020-07-08T08:39:41Z" finished-at="2020-07-08T08:41:50Z">
      <class name="com.selenium.drivercls.driver">
        <test-method status="PASS" signature="setup(java.lang.String)[pri:0, instance:com.selenium.drivercls.driver@96532d6]" name="setup" is-config="true" duration-ms="72179" started-at="2020-07-08T14:09:41Z" finished-at="2020-07-08T14:10:53Z">
          <params>
            <param index="0">
              <value>
                <![CDATA[firefox]]>
              </value>
            </param>
          </params>
          <reporter-output>
          </reporter-output>
        </test-method> <!-- setup -->
        <test-method status="FAIL" signature="verifylogin()[pri:0, instance:com.selenium.drivercls.driver@96532d6]" name="verifylogin" duration-ms="48702" started-at="2020-07-08T14:10:53Z" finished-at="2020-07-08T14:11:42Z">
          <exception class="org.openqa.selenium.ElementClickInterceptedException">
            <message>
              <![CDATA[Element <i class="u-transition--transform u-d-inlineblock icon-ic_dropdown"> is not clickable at point (683,195) because another element <div class="page-loader"> obscures it
Build info: version: '3.141.59', revision: 'e82be7d358', time: '2018-11-14T08:25:48'
System info: host: 'DESKTOP-G8A5LTB', ip: '192.168.44.44', os.name: 'Windows 10', os.arch: 'amd64', os.version: '10.0', java.version: '1.8.0_251'
Driver info: org.openqa.selenium.firefox.FirefoxDriver
Capabilities {acceptInsecureCerts: true, browserName: firefox, browserVersion: 77.0.1, javascriptEnabled: true, moz:accessibilityChecks: false, moz:buildID: 20200602222727, moz:geckodriverVersion: 0.26.0, moz:headless: false, moz:processID: 1196, moz:profile: C:\Users\shikha\AppData\Loc..., moz:shutdownTimeout: 60000, moz:useNonSpecCompliantPointerOrigin: false, moz:webdriverClick: true, pageLoadStrategy: normal, platform: WINDOWS, platformName: WINDOWS, platformVersion: 10.0, rotatable: false, setWindowRect: true, strictFileInteractability: false, timeouts: {implicit: 0, pageLoad: 300000, script: 30000}, unhandledPromptBehavior: dismiss and notify}
Session ID: 8f46477b-7167-471c-aeda-a5f8347dcbef]]>
            </message>
            <full-stacktrace>
              <![CDATA[org.openqa.selenium.ElementClickInterceptedException: Element <i class="u-transition--transform u-d-inlineblock icon-ic_dropdown"> is not clickable at point (683,195) because another element <div class="page-loader"> obscures it
Build info: version: '3.141.59', revision: 'e82be7d358', time: '2018-11-14T08:25:48'
System info: host: 'DESKTOP-G8A5LTB', ip: '192.168.44.44', os.name: 'Windows 10', os.arch: 'amd64', os.version: '10.0', java.version: '1.8.0_251'
Driver info: org.openqa.selenium.firefox.FirefoxDriver
Capabilities {acceptInsecureCerts: true, browserName: firefox, browserVersion: 77.0.1, javascriptEnabled: true, moz:accessibilityChecks: false, moz:buildID: 20200602222727, moz:geckodriverVersion: 0.26.0, moz:headless: false, moz:processID: 1196, moz:profile: C:\Users\shikha\AppData\Loc..., moz:shutdownTimeout: 60000, moz:useNonSpecCompliantPointerOrigin: false, moz:webdriverClick: true, pageLoadStrategy: normal, platform: WINDOWS, platformName: WINDOWS, platformVersion: 10.0, rotatable: false, setWindowRect: true, strictFileInteractability: false, timeouts: {implicit: 0, pageLoad: 300000, script: 30000}, unhandledPromptBehavior: dismiss and notify}
Session ID: 8f46477b-7167-471c-aeda-a5f8347dcbef
	at sun.reflect.NativeConstructorAccessorImpl.newInstance0(Native Method)
	at sun.reflect.NativeConstructorAccessorImpl.newInstance(Unknown Source)
	at sun.reflect.DelegatingConstructorAccessorImpl.newInstance(Unknown Source)
	at java.lang.reflect.Constructor.newInstance(Unknown Source)
	at org.openqa.selenium.remote.http.W3CHttpResponseCodec.createException(W3CHttpResponseCodec.java:187)
	at org.openqa.selenium.remote.http.W3CHttpResponseCodec.decode(W3CHttpResponseCodec.java:122)
	at org.openqa.selenium.remote.http.W3CHttpResponseCodec.decode(W3CHttpResponseCodec.java:49)
	at org.openqa.selenium.remote.HttpCommandExecutor.execute(HttpCommandExecutor.java:158)
	at org.openqa.selenium.remote.service.DriverCommandExecutor.execute(DriverCommandExecutor.java:83)
	at org.openqa.selenium.remote.RemoteWebDriver.execute(RemoteWebDriver.java:552)
	at org.openqa.selenium.remote.RemoteWebElement.execute(RemoteWebElement.java:285)
	at org.openqa.selenium.remote.RemoteWebElement.click(RemoteWebElement.java:84)
	at com.seleniumHospital.HospitalSearch.filterdrop1.filterdrop(filterdrop1.java:24)
	at com.selenium.drivercls.driver.verifylogin(driver.java:111)
	at sun.reflect.NativeMethodAccessorImpl.invoke0(Native Method)
	at sun.reflect.NativeMethodAccessorImpl.invoke(Unknown Source)
	at sun.reflect.DelegatingMethodAccessorImpl.invoke(Unknown Source)
	at java.lang.reflect.Method.invoke(Unknown Source)
	at org.testng.internal.MethodInvocationHelper.invokeMethod(MethodInvocationHelper.java:85)
	at org.testng.internal.Invoker.invokeMethod(Invoker.java:663)
	at org.testng.internal.Invoker.invokeTestMethod(Invoker.java:849)
	at org.testng.internal.Invoker.invokeTestMethods(Invoker.java:1157)
	at org.testng.internal.TestMethodWorker.invokeTestMethods(TestMethodWorker.java:124)
	at org.testng.internal.TestMethodWorker.run(TestMethodWorker.java:108)
	at org.testng.TestRunner.privateRun(TestRunner.java:771)
	at org.testng.TestRunner.run(TestRunner.java:621)
	at org.testng.SuiteRunner.runTest(SuiteRunner.java:357)
	at org.testng.SuiteRunner.runSequentially(SuiteRunner.java:352)
	at org.testng.SuiteRunner.privateRun(SuiteRunner.java:310)
	at org.testng.SuiteRunner.run(SuiteRunner.java:259)
	at org.testng.SuiteRunnerWorker.runSuite(SuiteRunnerWorker.java:52)
	at org.testng.SuiteRunnerWorker.run(SuiteRunnerWorker.java:86)
	at org.testng.TestNG.runSuitesSequentially(TestNG.java:1200)
	at org.testng.TestNG.runSuitesLocally(TestNG.java:1125)
	at org.testng.TestNG.run(TestNG.java:1033)
	at org.testng.remote.RemoteTestNG.run(RemoteTestNG.java:111)
	at org.testng.remote.RemoteTestNG.initAndRun(RemoteTestNG.java:204)
	at org.testng.remote.RemoteTestNG.main(RemoteTestNG.java:175)
]]>
            </full-stacktrace>
          </exception> <!-- org.openqa.selenium.ElementClickInterceptedException -->
          <reporter-output>
          </reporter-output>
        </test-method> <!-- verifylogin -->
        <test-method status="PASS" signature="stop()[pri:0, instance:com.selenium.drivercls.driver@96532d6]" name="stop" is-config="true" duration-ms="7950" started-at="2020-07-08T14:11:42Z" finished-at="2020-07-08T14:11:50Z">
          <reporter-output>
          </reporter-output>
        </test-method> <!-- stop -->
      </class> <!-- com.selenium.drivercls.driver -->
    </test> <!-- firefoxtest -->
  </suite> <!-- Suite -->
</testng-results>
